<?xml version="1.0" encoding="UTF-8"?>
<!-- Generated by org.testng.reporters.JUnitReportReporter -->
<testsuite skipped="0" hostname="DESKTOP-9RKPRPI" name="com.geet.org.pune.MavenProject.FrameClass" tests="1" failures="0" timestamp="22 Jul 2019 17:38:25 GMT" time="3.902" errors="0">
  <testcase name="f" time="3.902" classname="com.geet.org.pune.MavenProject.FrameClass"/>
</testsuite> <!-- com.geet.org.pune.MavenProject.FrameClass -->
