<?xml version="1.0" encoding="UTF-8"?>
<!-- Generated by org.testng.reporters.JUnitReportReporter -->
<testsuite skipped="0" hostname="DESKTOP-9RKPRPI" name="com.geet.org.pune.MavenProject.NewTest" tests="1" failures="0" timestamp="20 Jul 2019 08:15:46 GMT" time="0.128" errors="0">
  <testcase name="f" time="0.128" classname="com.geet.org.pune.MavenProject.NewTest"/>
</testsuite> <!-- com.geet.org.pune.MavenProject.NewTest -->
