<?xml version="1.0" encoding="UTF-8"?>
<!-- Generated by org.testng.reporters.JUnitReportReporter -->
<testsuite skipped="0" hostname="DESKTOP-9RKPRPI" name="com.geet.org.pune.MavenProject.Tracko" tests="1" failures="0" timestamp="23 Jul 2019 09:02:22 GMT" time="1.788" errors="0">
  <testcase name="Login" time="1.788" classname="com.geet.org.pune.MavenProject.Tracko"/>
</testsuite> <!-- com.geet.org.pune.MavenProject.Tracko -->
